<?xml version="1.0" encoding="UTF-8" ?>
<testsuite tests="4" failures="0" name="com.mycompany.lab4.SubdivisionTest" time="0.012" errors="0" skipped="0">
  <properties>
[...]
</properties>
  <testcase classname="com.mycompany.lab4.SubdivisionTest" name="testGet" time="0.012"/>
  <testcase classname="com.mycompany.lab4.SubdivisionTest" name="testSet" time="0"/>
  <testcase classname="com.mycompany.lab4.SubdivisionTest" name="testGetId" time="0"/>
  <testcase classname="com.mycompany.lab4.SubdivisionTest" name="testGetDivision" time="0"/>
</testsuite>